# JRE version: Java(TM) SE Runtime Environment (8.0_45-b15) (build 1.8.0_45-b15)
# Java VM: Java HotSpot(TM) Client VM (25.45-b02 mixed mode windows-x86 )
Heap:
 par new generation   total 314560K, used 266422K [0x04e00000, 0x1a350000, 0x1a350000)
  eden space 279616K,  84% used [0x04e00000, 0x133d7b78, 0x15f10000)
  from space 34944K,  88% used [0x15f10000, 0x17d66040, 0x18130000)
  to   space 34944K,   0% used [0x18130000, 0x18130000, 0x1a350000)
 concurrent mark-sweep generation total 699072K, used 64838K [0x1a350000, 0x44e00000, 0x44e00000)
 Metaspace       used 17859K, capacity 18053K, committed 18176K, reserved 18816K
GC Heap History (10 events):
Event: 1.573 GC heap before
{Heap before GC invocations=0 (full 0):
 par new generation   total 314560K, used 61541K [0x04e00000, 0x1a350000, 0x1a350000)
  eden space 279616K,  22% used [0x04e00000, 0x08a195f0, 0x15f10000)
  from space 34944K,   0% used [0x15f10000, 0x15f10000, 0x18130000)
  to   space 34944K,   0% used [0x18130000, 0x18130000, 0x1a350000)
 concurrent mark-sweep generation total 699072K, used 0K [0x1a350000, 0x44e00000, 0x44e00000)
 Metaspace       used 6313K, capacity 6335K, committed 6400K, reserved 6528K
Event: 1.606 GC heap after
Heap after GC invocations=1 (full 1):
 par new generation   total 314560K, used 0K [0x04e00000, 0x1a350000, 0x1a350000)
  eden space 279616K,   0% used [0x04e00000, 0x04e00000, 0x15f10000)
  from space 34944K,   0% used [0x15f10000, 0x15f10000, 0x18130000)
  to   space 34944K,   0% used [0x18130000, 0x18130000, 0x1a350000)
 concurrent mark-sweep generation total 699072K, used 5426K [0x1a350000, 0x44e00000, 0x44e00000)
 Metaspace       used 6313K, capacity 6335K, committed 6400K, reserved 6528K
}
Event: 7.286 GC heap before
{Heap before GC invocations=1 (full 2):
 par new generation   total 314560K, used 279616K [0x04e00000, 0x1a350000, 0x1a350000)
  eden space 279616K, 100% used [0x04e00000, 0x15f10000, 0x15f10000)
  from space 34944K,   0% used [0x15f10000, 0x15f10000, 0x18130000)
  to   space 34944K,   0% used [0x18130000, 0x18130000, 0x1a350000)
 concurrent mark-sweep generation total 699072K, used 5426K [0x1a350000, 0x44e00000, 0x44e00000)
 Metaspace       used 11302K, capacity 11345K, committed 11520K, reserved 11648K
Event: 7.299 GC heap after
Heap after GC invocations=2 (full 2):
 par new generation   total 314560K, used 24674K [0x04e00000, 0x1a350000, 0x1a350000)
  eden space 279616K,   0% used [0x04e00000, 0x04e00000, 0x15f10000)
  from space 34944K,  70% used [0x18130000, 0x19948b08, 0x1a350000)
  to   space 34944K,   0% used [0x15f10000, 0x15f10000, 0x18130000)
 concurrent mark-sweep generation total 699072K, used 5426K [0x1a350000, 0x44e00000, 0x44e00000)
 Metaspace       used 11302K, capacity 11345K, committed 11520K, reserved 11648K
}
Event: 9.921 GC heap before
{Heap before GC invocations=2 (full 2):
 par new generation   total 314560K, used 304290K [0x04e00000, 0x1a350000, 0x1a350000)
  eden space 279616K, 100% used [0x04e00000, 0x15f10000, 0x15f10000)
  from space 34944K,  70% used [0x18130000, 0x19948b08, 0x1a350000)
  to   space 34944K,   0% used [0x15f10000, 0x15f10000, 0x18130000)
 concurrent mark-sweep generation total 699072K, used 5426K [0x1a350000, 0x44e00000, 0x44e00000)
 Metaspace       used 15131K, capacity 15315K, committed 15360K, reserved 15744K
Event: 9.960 GC heap after
Heap after GC invocations=3 (full 2):
 par new generation   total 314560K, used 23187K [0x04e00000, 0x1a350000, 0x1a350000)
  eden space 279616K,   0% used [0x04e00000, 0x04e00000, 0x15f10000)
  from space 34944K,  66% used [0x15f10000, 0x175b4ed0, 0x18130000)
  to   space 34944K,   0% used [0x18130000, 0x18130000, 0x1a350000)
 concurrent mark-sweep generation total 699072K, used 25339K [0x1a350000, 0x44e00000, 0x44e00000)
 Metaspace       used 15131K, capacity 15315K, committed 15360K, reserved 15744K
}
Event: 11.763 GC heap before
{Heap before GC invocations=3 (full 2):
 par new generation   total 314560K, used 302803K [0x04e00000, 0x1a350000, 0x1a350000)
  eden space 279616K, 100% used [0x04e00000, 0x15f10000, 0x15f10000)
  from space 34944K,  66% used [0x15f10000, 0x175b4ed0, 0x18130000)
  to   space 34944K,   0% used [0x18130000, 0x18130000, 0x1a350000)
 concurrent mark-sweep generation total 699072K, used 22201K [0x1a350000, 0x44e00000, 0x44e00000)
 Metaspace       used 15157K, capacity 15315K, committed 15360K, reserved 15744K
Event: 11.799 GC heap after
Heap after GC invocations=4 (full 2):
 par new generation   total 314560K, used 34944K [0x04e00000, 0x1a350000, 0x1a350000)
  eden space 279616K,   0% used [0x04e00000, 0x04e00000, 0x15f10000)
  from space 34944K, 100% used [0x18130000, 0x1a350000, 0x1a350000)
  to   space 34944K,   0% used [0x15f10000, 0x15f10000, 0x18130000)
 concurrent mark-sweep generation total 699072K, used 50183K [0x1a350000, 0x44e00000, 0x44e00000)
 Metaspace       used 15157K, capacity 15315K, committed 15360K, reserved 15744K
}
Event: 16.565 GC heap before
{Heap before GC invocations=4 (full 3):
 par new generation   total 314560K, used 303854K [0x04e00000, 0x1a350000, 0x1a350000)
  eden space 279616K,  96% used [0x04e00000, 0x1549ba78, 0x15f10000)
  from space 34944K, 100% used [0x18130000, 0x1a350000, 0x1a350000)
  to   space 34944K,   0% used [0x15f10000, 0x15f10000, 0x18130000)
 concurrent mark-sweep generation total 699072K, used 50183K [0x1a350000, 0x44e00000, 0x44e00000)
 Metaspace       used 16964K, capacity 17157K, committed 17280K, reserved 17792K
Event: 16.594 GC heap after
Heap after GC invocations=5 (full 3):
 par new generation   total 314560K, used 31064K [0x04e00000, 0x1a350000, 0x1a350000)
  eden space 279616K,   0% used [0x04e00000, 0x04e00000, 0x15f10000)
  from space 34944K,  88% used [0x15f10000, 0x17d66040, 0x18130000)
  to   space 34944K,   0% used [0x18130000, 0x18130000, 0x1a350000)
 concurrent mark-sweep generation total 699072K, used 64838K [0x1a350000, 0x44e00000, 0x44e00000)
 Metaspace       used 16964K, capacity 17157K, committed 17280K, reserved 17792K
}

